<?xml version="1.0" encoding="UTF-8"?>
<!-- Generated by org.testng.reporters.JUnitXMLReporter -->
<testsuite hostname="Omers-MacBook-Pro.local" ignored="6" name="Orange HRM Smoke Tests" tests="1" failures="0" timestamp="2020-10-07T21:09:08 EDT" time="4.593" errors="0">
  <testcase name="loginTest" time="1.599" classname="com.qa.orangehrm.test.LoginPageTest"/>
  <testcase name="verifyHomePageHeader" time="0.0" classname="com.qa.orangehrm.test.HomePageTest">
    <ignored/>
  </testcase> <!-- verifyHomePageHeader -->
  <testcase name="verifyHomePageTitle" time="0.0" classname="com.qa.orangehrm.test.HomePageTest">
    <ignored/>
  </testcase> <!-- verifyHomePageTitle -->
  <testcase name="verifyLoggedInUserAccount" time="0.0" classname="com.qa.orangehrm.test.HomePageTest">
    <ignored/>
  </testcase> <!-- verifyLoggedInUserAccount -->
  <testcase name="verifyLoginPageTitle" time="0.0" classname="com.qa.orangehrm.test.LoginPageTest">
    <ignored/>
  </testcase> <!-- verifyLoginPageTitle -->
  <testcase name="verifyForgetPassLink" time="0.0" classname="com.qa.orangehrm.test.LoginPageTest">
    <ignored/>
  </testcase> <!-- verifyForgetPassLink -->
  <testcase name="verifyAuthentication" time="0.0" classname="com.qa.orangehrm.test.HomePageTest">
    <ignored/>
  </testcase> <!-- verifyAuthentication -->
</testsuite> <!-- Orange HRM Smoke Tests -->
