<?xml version="1.0" encoding="UTF-8"?>
<!-- Generated by org.testng.reporters.JUnitXMLReporter -->
<testsuite ignored="1" hostname="Omers-MacBook-Pro.local" failures="0" tests="2" name="Command line test" time="5.685" errors="0" timestamp="13 Oct 2020 01:54:00 GMT">
  <testcase classname="com.qa.orangehrm.test.HomePageTest" name="verifyHomePageTitle" time="0.01"/>
  <testcase classname="com.qa.orangehrm.test.LoginPageTest" name="verifyLoginPageTitle" time="0.005"/>
  <testcase classname="com.qa.orangehrm.test.LoginPageTest" name="login_InvalidTestCase" time="0.0">
    <ignored/>
  </testcase> <!-- login_InvalidTestCase -->
</testsuite> <!-- Command line test -->
