<?xml version="1.0" encoding="UTF-8"?>
<!-- Generated by org.testng.reporters.JUnitXMLReporter -->
<testsuite hostname="Omers-MacBook-Pro.local" ignored="1" name="Orange HRM Regression Tests" tests="3" failures="1" timestamp="2020-10-16T19:58:38 EDT" time="48.01" errors="0">
  <testcase name="verifyLoginPageTitle" time="0.028" classname="com.qa.orangehrm.test.LoginPageTest"/>
  <testcase name="verifyForgetPassLink" time="0.077" classname="com.qa.orangehrm.test.LoginPageTest"/>
  <testcase name="loginTest" time="40.196" classname="com.qa.orangehrm.test.LoginPageTest">
    <failure type="java.lang.NullPointerException">
      <![CDATA[java.lang.NullPointerException
at com.qa.orangehrm.test.LoginPageTest.loginTest(LoginPageTest.java:82)
at java.util.ArrayList.forEach(ArrayList.java:1257)
... Removed 27 stack frames]]>
    </failure>
  </testcase> <!-- loginTest -->
  <testcase name="login_InvalidTestCase" time="0.0" classname="com.qa.orangehrm.test.LoginPageTest">
    <ignored/>
  </testcase> <!-- login_InvalidTestCase -->
</testsuite> <!-- Orange HRM Regression Tests -->
