<?xml version="1.0" encoding="UTF-8"?>
<!-- Generated by org.testng.reporters.JUnitXMLReporter -->
<testsuite hostname="Omers-MacBook-Pro.local" ignored="1" name="Orange HRM Regression Tests -- firefox" tests="7" failures="0" timestamp="2020-10-16T20:20:42 EDT" time="20.424" errors="0">
  <testcase name="verifyHomePageTitle" time="0.528" classname="com.qa.orangehrm.test.HomePageTest"/>
  <testcase name="verifyLoginPageTitle" time="0.008" classname="com.qa.orangehrm.test.LoginPageTest"/>
  <testcase name="verifyHomePageHeader" time="0.324" classname="com.qa.orangehrm.test.HomePageTest"/>
  <testcase name="verifyForgetPassLink" time="0.067" classname="com.qa.orangehrm.test.LoginPageTest"/>
  <testcase name="verifyLoggedInUserAccount" time="0.021" classname="com.qa.orangehrm.test.HomePageTest"/>
  <testcase name="verifyAuthentication" time="0.504" classname="com.qa.orangehrm.test.HomePageTest"/>
  <testcase name="loginTest" time="1.124" classname="com.qa.orangehrm.test.LoginPageTest"/>
  <testcase name="login_InvalidTestCase" time="0.0" classname="com.qa.orangehrm.test.LoginPageTest">
    <ignored/>
  </testcase> <!-- login_InvalidTestCase -->
</testsuite> <!-- Orange HRM Regression Tests - firefox -->
