<?xml version="1.0" encoding="UTF-8"?>
<!-- Generated by org.testng.reporters.JUnitXMLReporter -->
<testsuite hostname="Omers-MacBook-Pro.local" ignored="1" name="Orange HRM Regression Tests -- chrome" tests="7" failures="0" timestamp="2020-10-16T20:20:39 EDT" time="17.557" errors="0">
  <testcase name="verifyLoginPageTitle" time="0.07" classname="com.qa.orangehrm.test.LoginPageTest"/>
  <testcase name="verifyHomePageTitle" time="0.016" classname="com.qa.orangehrm.test.HomePageTest"/>
  <testcase name="verifyForgetPassLink" time="0.113" classname="com.qa.orangehrm.test.LoginPageTest"/>
  <testcase name="verifyHomePageHeader" time="0.146" classname="com.qa.orangehrm.test.HomePageTest"/>
  <testcase name="loginTest" time="1.398" classname="com.qa.orangehrm.test.LoginPageTest"/>
  <testcase name="verifyLoggedInUserAccount" time="0.031" classname="com.qa.orangehrm.test.HomePageTest"/>
  <testcase name="verifyAuthentication" time="0.008" classname="com.qa.orangehrm.test.HomePageTest"/>
  <testcase name="login_InvalidTestCase" time="0.0" classname="com.qa.orangehrm.test.LoginPageTest">
    <ignored/>
  </testcase> <!-- login_InvalidTestCase -->
</testsuite> <!-- Orange HRM Regression Tests - chrome -->
