<?xml version="1.0" encoding="UTF-8"?>
<testng-results ignored="1" total="3" passed="2" failed="0" skipped="0">
  <reporter-output>
  </reporter-output>
  <suite started-at="2020-10-13T01:53:55Z" name="Command line suite" finished-at="2020-10-13T01:54:00Z" duration-ms="5685">
    <groups>
    </groups>
    <test started-at="2020-10-13T01:53:55Z" name="Command line test" finished-at="2020-10-13T01:54:00Z" duration-ms="5685">
      <class name="com.qa.orangehrm.test.LoginPageTest">
        <test-method is-config="true" signature="setUp()[pri:0, instance:com.qa.orangehrm.test.LoginPageTest@4d95d2a2]" started-at="2020-10-13T01:53:59Z" name="setUp" finished-at="2020-10-13T01:54:00Z" duration-ms="1780" status="PASS">
          <reporter-output>
          </reporter-output>
        </test-method> <!-- setUp -->
        <test-method signature="verifyLoginPageTitle()[pri:1, instance:com.qa.orangehrm.test.LoginPageTest@4d95d2a2]" started-at="2020-10-13T01:54:00Z" name="verifyLoginPageTitle" description="verify page title method" finished-at="2020-10-13T01:54:00Z" duration-ms="5" status="PASS">
          <reporter-output>
          </reporter-output>
        </test-method> <!-- verifyLoginPageTitle -->
        <test-method is-config="true" signature="tearDown()[pri:0, instance:com.qa.orangehrm.test.LoginPageTest@4d95d2a2]" started-at="2020-10-13T01:54:00Z" name="tearDown" finished-at="2020-10-13T01:54:00Z" duration-ms="84" status="PASS">
          <reporter-output>
          </reporter-output>
        </test-method> <!-- tearDown -->
      </class> <!-- com.qa.orangehrm.test.LoginPageTest -->
      <class name="com.qa.orangehrm.test.HomePageTest">
        <test-method is-config="true" signature="setUp()[pri:0, instance:com.qa.orangehrm.test.HomePageTest@1e965684]" started-at="2020-10-13T01:53:55Z" name="setUp" finished-at="2020-10-13T01:53:58Z" duration-ms="3702" status="PASS">
          <reporter-output>
          </reporter-output>
        </test-method> <!-- setUp -->
        <test-method signature="verifyHomePageTitle()[pri:1, instance:com.qa.orangehrm.test.HomePageTest@1e965684]" started-at="2020-10-13T01:53:58Z" name="verifyHomePageTitle" description="verify home page title" finished-at="2020-10-13T01:53:58Z" duration-ms="10" status="PASS">
          <reporter-output>
          </reporter-output>
        </test-method> <!-- verifyHomePageTitle -->
        <test-method is-config="true" signature="tearDown()[pri:0, instance:com.qa.orangehrm.test.HomePageTest@1e965684]" started-at="2020-10-13T01:53:58Z" name="tearDown" finished-at="2020-10-13T01:53:59Z" duration-ms="85" status="PASS">
          <reporter-output>
          </reporter-output>
        </test-method> <!-- tearDown -->
      </class> <!-- com.qa.orangehrm.test.HomePageTest -->
    </test> <!-- Command line test -->
  </suite> <!-- Command line suite -->
</testng-results>
