<?xml version="1.0" encoding="UTF-8"?>
<testng-results skipped="0" failed="0" ignored="2" total="16" passed="14">
  <reporter-output>
  </reporter-output>
  <suite name="Orange HRM Regression Suite" duration-ms="20424" started-at="2020-10-16T20:20:22 EDT" finished-at="2020-10-16T20:20:42 EDT">
    <groups>
    </groups>
    <test name="Orange HRM Regression Tests -- chrome" duration-ms="17557" started-at="2020-10-16T20:20:22 EDT" finished-at="2020-10-16T20:20:39 EDT">
      <class name="com.qa.orangehrm.test.LoginPageTest">
        <test-method status="PASS" signature="setUp(java.lang.String)[pri:0, instance:com.qa.orangehrm.test.LoginPageTest@464a4442]" name="setUp" is-config="true" duration-ms="3469" started-at="2020-10-16T20:20:22 EDT" finished-at="2020-10-16T20:20:25 EDT">
          <params>
            <param index="0">
              <value>
                <![CDATA[chrome]]>
              </value>
            </param>
          </params>
          <reporter-output>
          </reporter-output>
        </test-method> <!-- setUp -->
        <test-method status="PASS" signature="verifyLoginPageTitle()[pri:1, instance:com.qa.orangehrm.test.LoginPageTest@464a4442]" name="verifyLoginPageTitle" duration-ms="70" started-at="2020-10-16T20:20:25 EDT" description="verify page title method" finished-at="2020-10-16T20:20:25 EDT">
          <reporter-output>
          </reporter-output>
        </test-method> <!-- verifyLoginPageTitle -->
        <test-method status="PASS" signature="tearDown()[pri:0, instance:com.qa.orangehrm.test.LoginPageTest@464a4442]" name="tearDown" is-config="true" duration-ms="163" started-at="2020-10-16T20:20:26 EDT" finished-at="2020-10-16T20:20:26 EDT">
          <reporter-output>
          </reporter-output>
        </test-method> <!-- tearDown -->
        <test-method status="PASS" signature="setUp(java.lang.String)[pri:0, instance:com.qa.orangehrm.test.LoginPageTest@464a4442]" name="setUp" is-config="true" duration-ms="2676" started-at="2020-10-16T20:20:26 EDT" finished-at="2020-10-16T20:20:28 EDT">
          <params>
            <param index="0">
              <value>
                <![CDATA[chrome]]>
              </value>
            </param>
          </params>
          <reporter-output>
          </reporter-output>
        </test-method> <!-- setUp -->
        <test-method status="PASS" signature="verifyForgetPassLink()[pri:2, instance:com.qa.orangehrm.test.LoginPageTest@464a4442]" name="verifyForgetPassLink" duration-ms="113" started-at="2020-10-16T20:20:28 EDT" description="verify forget password link method" finished-at="2020-10-16T20:20:29 EDT">
          <reporter-output>
          </reporter-output>
        </test-method> <!-- verifyForgetPassLink -->
        <test-method status="PASS" signature="tearDown()[pri:0, instance:com.qa.orangehrm.test.LoginPageTest@464a4442]" name="tearDown" is-config="true" duration-ms="93" started-at="2020-10-16T20:20:29 EDT" finished-at="2020-10-16T20:20:29 EDT">
          <reporter-output>
          </reporter-output>
        </test-method> <!-- tearDown -->
        <test-method status="PASS" signature="setUp(java.lang.String)[pri:0, instance:com.qa.orangehrm.test.LoginPageTest@464a4442]" name="setUp" is-config="true" duration-ms="2328" started-at="2020-10-16T20:20:29 EDT" finished-at="2020-10-16T20:20:31 EDT">
          <params>
            <param index="0">
              <value>
                <![CDATA[chrome]]>
              </value>
            </param>
          </params>
          <reporter-output>
          </reporter-output>
        </test-method> <!-- setUp -->
        <test-method status="PASS" signature="loginTest()[pri:3, instance:com.qa.orangehrm.test.LoginPageTest@464a4442]" name="loginTest" duration-ms="1398" started-at="2020-10-16T20:20:31 EDT" description="verify login valid credentials" finished-at="2020-10-16T20:20:32 EDT">
          <reporter-output>
          </reporter-output>
        </test-method> <!-- loginTest -->
        <test-method status="PASS" signature="tearDown()[pri:0, instance:com.qa.orangehrm.test.LoginPageTest@464a4442]" name="tearDown" is-config="true" duration-ms="167" started-at="2020-10-16T20:20:32 EDT" finished-at="2020-10-16T20:20:33 EDT">
          <reporter-output>
          </reporter-output>
        </test-method> <!-- tearDown -->
      </class> <!-- com.qa.orangehrm.test.LoginPageTest -->
      <class name="com.qa.orangehrm.test.HomePageTest">
        <test-method status="PASS" signature="setUp()[pri:0, instance:com.qa.orangehrm.test.HomePageTest@2873d672]" name="setUp" is-config="true" duration-ms="5070" started-at="2020-10-16T20:20:22 EDT" finished-at="2020-10-16T20:20:27 EDT">
          <reporter-output>
          </reporter-output>
        </test-method> <!-- setUp -->
        <test-method status="PASS" signature="verifyHomePageTitle()[pri:1, instance:com.qa.orangehrm.test.HomePageTest@2873d672]" name="verifyHomePageTitle" duration-ms="16" started-at="2020-10-16T20:20:27 EDT" description="verify home page title" finished-at="2020-10-16T20:20:27 EDT">
          <reporter-output>
          </reporter-output>
        </test-method> <!-- verifyHomePageTitle -->
        <test-method status="PASS" signature="tearDown()[pri:0, instance:com.qa.orangehrm.test.HomePageTest@2873d672]" name="tearDown" is-config="true" duration-ms="100" started-at="2020-10-16T20:20:27 EDT" finished-at="2020-10-16T20:20:27 EDT">
          <reporter-output>
          </reporter-output>
        </test-method> <!-- tearDown -->
        <test-method status="PASS" signature="setUp()[pri:0, instance:com.qa.orangehrm.test.HomePageTest@2873d672]" name="setUp" is-config="true" duration-ms="4134" started-at="2020-10-16T20:20:27 EDT" finished-at="2020-10-16T20:20:31 EDT">
          <reporter-output>
          </reporter-output>
        </test-method> <!-- setUp -->
        <test-method status="PASS" signature="verifyHomePageHeader()[pri:2, instance:com.qa.orangehrm.test.HomePageTest@2873d672]" name="verifyHomePageHeader" duration-ms="146" started-at="2020-10-16T20:20:31 EDT" description="verify home page header" finished-at="2020-10-16T20:20:31 EDT">
          <reporter-output>
          </reporter-output>
        </test-method> <!-- verifyHomePageHeader -->
        <test-method status="PASS" signature="tearDown()[pri:0, instance:com.qa.orangehrm.test.HomePageTest@2873d672]" name="tearDown" is-config="true" duration-ms="101" started-at="2020-10-16T20:20:31 EDT" finished-at="2020-10-16T20:20:32 EDT">
          <reporter-output>
          </reporter-output>
        </test-method> <!-- tearDown -->
        <test-method status="PASS" signature="setUp()[pri:0, instance:com.qa.orangehrm.test.HomePageTest@2873d672]" name="setUp" is-config="true" duration-ms="3879" started-at="2020-10-16T20:20:32 EDT" finished-at="2020-10-16T20:20:35 EDT">
          <reporter-output>
          </reporter-output>
        </test-method> <!-- setUp -->
        <test-method status="PASS" signature="verifyLoggedInUserAccount()[pri:3, instance:com.qa.orangehrm.test.HomePageTest@2873d672]" name="verifyLoggedInUserAccount" duration-ms="31" started-at="2020-10-16T20:20:35 EDT" description="verify account name" finished-at="2020-10-16T20:20:35 EDT">
          <reporter-output>
          </reporter-output>
        </test-method> <!-- verifyLoggedInUserAccount -->
        <test-method status="PASS" signature="tearDown()[pri:0, instance:com.qa.orangehrm.test.HomePageTest@2873d672]" name="tearDown" is-config="true" duration-ms="94" started-at="2020-10-16T20:20:35 EDT" finished-at="2020-10-16T20:20:36 EDT">
          <reporter-output>
          </reporter-output>
        </test-method> <!-- tearDown -->
        <test-method status="PASS" signature="setUp()[pri:0, instance:com.qa.orangehrm.test.HomePageTest@2873d672]" name="setUp" is-config="true" duration-ms="3608" started-at="2020-10-16T20:20:36 EDT" finished-at="2020-10-16T20:20:39 EDT">
          <reporter-output>
          </reporter-output>
        </test-method> <!-- setUp -->
        <test-method status="PASS" signature="verifyAuthentication()[pri:4, instance:com.qa.orangehrm.test.HomePageTest@2873d672]" name="verifyAuthentication" duration-ms="8" started-at="2020-10-16T20:20:39 EDT" description="verify URL" finished-at="2020-10-16T20:20:39 EDT">
          <reporter-output>
          </reporter-output>
        </test-method> <!-- verifyAuthentication -->
        <test-method status="PASS" signature="tearDown()[pri:0, instance:com.qa.orangehrm.test.HomePageTest@2873d672]" name="tearDown" is-config="true" duration-ms="95" started-at="2020-10-16T20:20:39 EDT" finished-at="2020-10-16T20:20:39 EDT">
          <reporter-output>
          </reporter-output>
        </test-method> <!-- tearDown -->
      </class> <!-- com.qa.orangehrm.test.HomePageTest -->
    </test> <!-- Orange HRM Regression Tests - chrome -->
    <test name="Orange HRM Regression Tests -- firefox" duration-ms="20424" started-at="2020-10-16T20:20:22 EDT" finished-at="2020-10-16T20:20:42 EDT">
      <class name="com.qa.orangehrm.test.LoginPageTest">
        <test-method status="PASS" signature="setUp(java.lang.String)[pri:0, instance:com.qa.orangehrm.test.LoginPageTest@7180e701]" name="setUp" is-config="true" duration-ms="6682" started-at="2020-10-16T20:20:22 EDT" finished-at="2020-10-16T20:20:29 EDT">
          <params>
            <param index="0">
              <value>
                <![CDATA[firefox]]>
              </value>
            </param>
          </params>
          <reporter-output>
          </reporter-output>
        </test-method> <!-- setUp -->
        <test-method status="PASS" signature="verifyLoginPageTitle()[pri:1, instance:com.qa.orangehrm.test.LoginPageTest@7180e701]" name="verifyLoginPageTitle" duration-ms="8" started-at="2020-10-16T20:20:29 EDT" description="verify page title method" finished-at="2020-10-16T20:20:29 EDT">
          <reporter-output>
          </reporter-output>
        </test-method> <!-- verifyLoginPageTitle -->
        <test-method status="PASS" signature="tearDown()[pri:0, instance:com.qa.orangehrm.test.LoginPageTest@7180e701]" name="tearDown" is-config="true" duration-ms="1346" started-at="2020-10-16T20:20:29 EDT" finished-at="2020-10-16T20:20:30 EDT">
          <reporter-output>
          </reporter-output>
        </test-method> <!-- tearDown -->
        <test-method status="PASS" signature="setUp(java.lang.String)[pri:0, instance:com.qa.orangehrm.test.LoginPageTest@7180e701]" name="setUp" is-config="true" duration-ms="5165" started-at="2020-10-16T20:20:30 EDT" finished-at="2020-10-16T20:20:35 EDT">
          <params>
            <param index="0">
              <value>
                <![CDATA[firefox]]>
              </value>
            </param>
          </params>
          <reporter-output>
          </reporter-output>
        </test-method> <!-- setUp -->
        <test-method status="PASS" signature="verifyForgetPassLink()[pri:2, instance:com.qa.orangehrm.test.LoginPageTest@7180e701]" name="verifyForgetPassLink" duration-ms="67" started-at="2020-10-16T20:20:35 EDT" description="verify forget password link method" finished-at="2020-10-16T20:20:35 EDT">
          <reporter-output>
          </reporter-output>
        </test-method> <!-- verifyForgetPassLink -->
        <test-method status="PASS" signature="tearDown()[pri:0, instance:com.qa.orangehrm.test.LoginPageTest@7180e701]" name="tearDown" is-config="true" duration-ms="650" started-at="2020-10-16T20:20:35 EDT" finished-at="2020-10-16T20:20:36 EDT">
          <reporter-output>
          </reporter-output>
        </test-method> <!-- tearDown -->
        <test-method status="PASS" signature="setUp(java.lang.String)[pri:0, instance:com.qa.orangehrm.test.LoginPageTest@7180e701]" name="setUp" is-config="true" duration-ms="4563" started-at="2020-10-16T20:20:36 EDT" finished-at="2020-10-16T20:20:40 EDT">
          <params>
            <param index="0">
              <value>
                <![CDATA[firefox]]>
              </value>
            </param>
          </params>
          <reporter-output>
          </reporter-output>
        </test-method> <!-- setUp -->
        <test-method status="PASS" signature="loginTest()[pri:3, instance:com.qa.orangehrm.test.LoginPageTest@7180e701]" name="loginTest" duration-ms="1124" started-at="2020-10-16T20:20:40 EDT" description="verify login valid credentials" finished-at="2020-10-16T20:20:42 EDT">
          <reporter-output>
          </reporter-output>
        </test-method> <!-- loginTest -->
        <test-method status="PASS" signature="tearDown()[pri:0, instance:com.qa.orangehrm.test.LoginPageTest@7180e701]" name="tearDown" is-config="true" duration-ms="550" started-at="2020-10-16T20:20:42 EDT" finished-at="2020-10-16T20:20:42 EDT">
          <reporter-output>
          </reporter-output>
        </test-method> <!-- tearDown -->
      </class> <!-- com.qa.orangehrm.test.LoginPageTest -->
      <class name="com.qa.orangehrm.test.HomePageTest">
        <test-method status="PASS" signature="setUp()[pri:0, instance:com.qa.orangehrm.test.HomePageTest@4e2c95ee]" name="setUp" is-config="true" duration-ms="5070" started-at="2020-10-16T20:20:22 EDT" finished-at="2020-10-16T20:20:27 EDT">
          <reporter-output>
          </reporter-output>
        </test-method> <!-- setUp -->
        <test-method status="PASS" signature="verifyHomePageTitle()[pri:1, instance:com.qa.orangehrm.test.HomePageTest@4e2c95ee]" name="verifyHomePageTitle" duration-ms="528" started-at="2020-10-16T20:20:27 EDT" description="verify home page title" finished-at="2020-10-16T20:20:28 EDT">
          <reporter-output>
          </reporter-output>
        </test-method> <!-- verifyHomePageTitle -->
        <test-method status="PASS" signature="tearDown()[pri:0, instance:com.qa.orangehrm.test.HomePageTest@4e2c95ee]" name="tearDown" is-config="true" duration-ms="124" started-at="2020-10-16T20:20:28 EDT" finished-at="2020-10-16T20:20:28 EDT">
          <reporter-output>
          </reporter-output>
        </test-method> <!-- tearDown -->
        <test-method status="PASS" signature="setUp()[pri:0, instance:com.qa.orangehrm.test.HomePageTest@4e2c95ee]" name="setUp" is-config="true" duration-ms="3791" started-at="2020-10-16T20:20:28 EDT" finished-at="2020-10-16T20:20:31 EDT">
          <reporter-output>
          </reporter-output>
        </test-method> <!-- setUp -->
        <test-method status="PASS" signature="verifyHomePageHeader()[pri:2, instance:com.qa.orangehrm.test.HomePageTest@4e2c95ee]" name="verifyHomePageHeader" duration-ms="324" started-at="2020-10-16T20:20:31 EDT" description="verify home page header" finished-at="2020-10-16T20:20:32 EDT">
          <reporter-output>
          </reporter-output>
        </test-method> <!-- verifyHomePageHeader -->
        <test-method status="PASS" signature="tearDown()[pri:0, instance:com.qa.orangehrm.test.HomePageTest@4e2c95ee]" name="tearDown" is-config="true" duration-ms="93" started-at="2020-10-16T20:20:32 EDT" finished-at="2020-10-16T20:20:32 EDT">
          <reporter-output>
          </reporter-output>
        </test-method> <!-- tearDown -->
        <test-method status="PASS" signature="setUp()[pri:0, instance:com.qa.orangehrm.test.HomePageTest@4e2c95ee]" name="setUp" is-config="true" duration-ms="3648" started-at="2020-10-16T20:20:32 EDT" finished-at="2020-10-16T20:20:36 EDT">
          <reporter-output>
          </reporter-output>
        </test-method> <!-- setUp -->
        <test-method status="PASS" signature="verifyLoggedInUserAccount()[pri:3, instance:com.qa.orangehrm.test.HomePageTest@4e2c95ee]" name="verifyLoggedInUserAccount" duration-ms="21" started-at="2020-10-16T20:20:36 EDT" description="verify account name" finished-at="2020-10-16T20:20:36 EDT">
          <reporter-output>
          </reporter-output>
        </test-method> <!-- verifyLoggedInUserAccount -->
        <test-method status="PASS" signature="tearDown()[pri:0, instance:com.qa.orangehrm.test.HomePageTest@4e2c95ee]" name="tearDown" is-config="true" duration-ms="83" started-at="2020-10-16T20:20:36 EDT" finished-at="2020-10-16T20:20:36 EDT">
          <reporter-output>
          </reporter-output>
        </test-method> <!-- tearDown -->
        <test-method status="PASS" signature="setUp()[pri:0, instance:com.qa.orangehrm.test.HomePageTest@4e2c95ee]" name="setUp" is-config="true" duration-ms="3542" started-at="2020-10-16T20:20:36 EDT" finished-at="2020-10-16T20:20:39 EDT">
          <reporter-output>
          </reporter-output>
        </test-method> <!-- setUp -->
        <test-method status="PASS" signature="verifyAuthentication()[pri:4, instance:com.qa.orangehrm.test.HomePageTest@4e2c95ee]" name="verifyAuthentication" duration-ms="504" started-at="2020-10-16T20:20:39 EDT" description="verify URL" finished-at="2020-10-16T20:20:40 EDT">
          <reporter-output>
          </reporter-output>
        </test-method> <!-- verifyAuthentication -->
        <test-method status="PASS" signature="tearDown()[pri:0, instance:com.qa.orangehrm.test.HomePageTest@4e2c95ee]" name="tearDown" is-config="true" duration-ms="110" started-at="2020-10-16T20:20:40 EDT" finished-at="2020-10-16T20:20:40 EDT">
          <reporter-output>
          </reporter-output>
        </test-method> <!-- tearDown -->
      </class> <!-- com.qa.orangehrm.test.HomePageTest -->
    </test> <!-- Orange HRM Regression Tests - firefox -->
  </suite> <!-- Orange HRM Regression Suite -->
</testng-results>
