<?xml version="1.0" encoding="UTF-8"?>
<!-- Generated by org.testng.reporters.JUnitXMLReporter -->
<testsuite hostname="Omers-MacBook-Pro.local" ignored="5" name="Orange HRM Sanity Tests" tests="2" failures="0" timestamp="2020-10-07T21:11:33 EDT" time="8.098" errors="0">
  <testcase name="loginTest" time="1.303" classname="com.qa.orangehrm.test.LoginPageTest"/>
  <testcase name="verifyLoggedInUserAccount" time="0.348" classname="com.qa.orangehrm.test.HomePageTest"/>
  <testcase name="verifyHomePageHeader" time="0.0" classname="com.qa.orangehrm.test.HomePageTest">
    <ignored/>
  </testcase> <!-- verifyHomePageHeader -->
  <testcase name="verifyHomePageTitle" time="0.0" classname="com.qa.orangehrm.test.HomePageTest">
    <ignored/>
  </testcase> <!-- verifyHomePageTitle -->
  <testcase name="verifyLoginPageTitle" time="0.0" classname="com.qa.orangehrm.test.LoginPageTest">
    <ignored/>
  </testcase> <!-- verifyLoginPageTitle -->
  <testcase name="verifyForgetPassLink" time="0.0" classname="com.qa.orangehrm.test.LoginPageTest">
    <ignored/>
  </testcase> <!-- verifyForgetPassLink -->
  <testcase name="verifyAuthentication" time="0.0" classname="com.qa.orangehrm.test.HomePageTest">
    <ignored/>
  </testcase> <!-- verifyAuthentication -->
</testsuite> <!-- Orange HRM Sanity Tests -->
